<?xml version="1.0" encoding="UTF-8"?>
<!-- Generated by org.testng.reporters.JUnitXMLReporter -->
<testsuite hostname="DESKTOP-68MMSVA" ignored="0" name="TestORModule1" tests="2" failures="1" timestamp="07 Feb 2023 19:06:28 GMT" time="0.037" errors="0">
  <testcase name="Demo1" time="0.0" classname="package1.test1">
    <failure type="org.testng.TestNGException" message="
Parameter &amp;apos;URL&amp;apos; is required by @Test on method Demo1 but has not been marked @Optional or defined
in C:\Users\HP\java workspace\JosephAutomation\TestngProject1\testng4.xml">
      <![CDATA[org.testng.TestNGException: 
Parameter 'URL' is required by @Test on method Demo1 but has not been marked @Optional or defined
in C:\Users\HP\java workspace\JosephAutomation\TestngProject1\testng4.xml
at java.util.concurrent.FutureTask.run(Unknown Source)
at java.util.concurrent.ThreadPoolExecutor.runWorker(Unknown Source)
at java.util.concurrent.ThreadPoolExecutor$Worker.run(Unknown Source)
at java.lang.Thread.run(Unknown Source)
... Removed 15 stack frames]]>
    </failure>
  </testcase> <!-- Demo1 -->
  <testcase name="demo2" time="0.003" classname="package1.test1"/>
</testsuite> <!-- TestORModule1 -->
